<?xml version="1.0" encoding="UTF-8"?>
<!-- Generated by org.testng.reporters.JUnitXMLReporter -->
<testsuite ignored="0" hostname="DESKTOP-J47KP1R" failures="0" tests="5" name="Test" time="22.249" errors="0" timestamp="27 Dec 2023 05:29:34 GMT">
  <testcase classname="testCases.AddEmployee" name="addEmployee" time="4.829"/>
  <testcase classname="testCases.AddEmployee" name="addEmployee" time="4.068"/>
  <testcase classname="testCases.AddEmployee" name="addEmployee" time="3.794"/>
  <testcase classname="testCases.AddEmployee" name="addEmployee" time="3.695"/>
  <testcase classname="testCases.AddEmployee" name="addEmployee" time="3.78"/>
</testsuite> <!-- Test -->
