<?xml version="1.0" encoding="UTF-8"?>
<testng-results ignored="0" total="5" passed="5" failed="0" skipped="0">
  <reporter-output>
  </reporter-output>
  <suite started-at="2023-12-27T05:29:11Z" name="Suite" finished-at="2023-12-27T05:29:34Z" duration-ms="22249">
    <groups>
    </groups>
    <test started-at="2023-12-27T05:29:11Z" name="Test" finished-at="2023-12-27T05:29:34Z" duration-ms="22249">
      <class name="testCases.AddEmployee">
        <test-method is-config="true" signature="setUp(java.lang.String)[pri:0, instance:testCases.AddEmployee@4ae9cfc1]" started-at="2023-12-27T05:28:57Z" name="setUp" finished-at="2023-12-27T05:29:11Z" duration-ms="14535" status="PASS">
          <params>
            <param index="0">
              <value>
                <![CDATA[chrome]]>
              </value>
            </param>
          </params>
          <reporter-output>
          </reporter-output>
        </test-method> <!-- setUp -->
        <test-method signature="addEmployee(java.lang.String, java.lang.String, java.lang.String)[pri:0, instance:testCases.AddEmployee@4ae9cfc1]" started-at="2023-12-27T05:29:13Z" name="addEmployee" data-provider="AddEmployee" finished-at="2023-12-27T05:29:18Z" duration-ms="4829" status="PASS">
          <params>
            <param index="0">
              <value>
                <![CDATA[TestFirst1]]>
              </value>
            </param>
            <param index="1">
              <value>
                <![CDATA[TestMiddle1]]>
              </value>
            </param>
            <param index="2">
              <value>
                <![CDATA[TestLast1]]>
              </value>
            </param>
          </params>
          <reporter-output>
          </reporter-output>
        </test-method> <!-- addEmployee -->
        <test-method signature="addEmployee(java.lang.String, java.lang.String, java.lang.String)[pri:0, instance:testCases.AddEmployee@4ae9cfc1]" started-at="2023-12-27T05:29:18Z" name="addEmployee" data-provider="AddEmployee" finished-at="2023-12-27T05:29:22Z" duration-ms="4068" status="PASS">
          <params>
            <param index="0">
              <value>
                <![CDATA[TestFirst2]]>
              </value>
            </param>
            <param index="1">
              <value>
                <![CDATA[TestMiddle2]]>
              </value>
            </param>
            <param index="2">
              <value>
                <![CDATA[TestLast2]]>
              </value>
            </param>
          </params>
          <reporter-output>
          </reporter-output>
        </test-method> <!-- addEmployee -->
        <test-method signature="addEmployee(java.lang.String, java.lang.String, java.lang.String)[pri:0, instance:testCases.AddEmployee@4ae9cfc1]" started-at="2023-12-27T05:29:22Z" name="addEmployee" data-provider="AddEmployee" finished-at="2023-12-27T05:29:26Z" duration-ms="3794" status="PASS">
          <params>
            <param index="0">
              <value>
                <![CDATA[TestFirst3]]>
              </value>
            </param>
            <param index="1">
              <value>
                <![CDATA[TestMiddle3]]>
              </value>
            </param>
            <param index="2">
              <value>
                <![CDATA[TestLast3]]>
              </value>
            </param>
          </params>
          <reporter-output>
          </reporter-output>
        </test-method> <!-- addEmployee -->
        <test-method signature="addEmployee(java.lang.String, java.lang.String, java.lang.String)[pri:0, instance:testCases.AddEmployee@4ae9cfc1]" started-at="2023-12-27T05:29:26Z" name="addEmployee" data-provider="AddEmployee" finished-at="2023-12-27T05:29:30Z" duration-ms="3695" status="PASS">
          <params>
            <param index="0">
              <value>
                <![CDATA[TestFirst4]]>
              </value>
            </param>
            <param index="1">
              <value>
                <![CDATA[TestMiddle4]]>
              </value>
            </param>
            <param index="2">
              <value>
                <![CDATA[TestLast4]]>
              </value>
            </param>
          </params>
          <reporter-output>
          </reporter-output>
        </test-method> <!-- addEmployee -->
        <test-method signature="addEmployee(java.lang.String, java.lang.String, java.lang.String)[pri:0, instance:testCases.AddEmployee@4ae9cfc1]" started-at="2023-12-27T05:29:30Z" name="addEmployee" data-provider="AddEmployee" finished-at="2023-12-27T05:29:34Z" duration-ms="3780" status="PASS">
          <params>
            <param index="0">
              <value>
                <![CDATA[TestFirst5]]>
              </value>
            </param>
            <param index="1">
              <value>
                <![CDATA[TestMiddle5]]>
              </value>
            </param>
            <param index="2">
              <value>
                <![CDATA[TestLast5]]>
              </value>
            </param>
          </params>
          <reporter-output>
          </reporter-output>
        </test-method> <!-- addEmployee -->
        <test-method is-config="true" signature="tearDown()[pri:0, instance:testCases.AddEmployee@4ae9cfc1]" started-at="2023-12-27T05:29:34Z" name="tearDown" finished-at="2023-12-27T05:29:35Z" duration-ms="1588" status="PASS">
          <reporter-output>
          </reporter-output>
        </test-method> <!-- tearDown -->
      </class> <!-- testCases.AddEmployee -->
    </test> <!-- Test -->
  </suite> <!-- Suite -->
</testng-results>
